SuperTutor/superTutor/build/outputs/logs/manifest-merger-debug-report.txt
-- Merging decision tree log ---
manifest
ADDED from src/main/AndroidManifest.xml:2:1-207:12
	package
		ADDED from src/main/AndroidManifest.xml:3:5-37
		INJECTED from src/main/AndroidManifest.xml
		INJECTED from src/main/AndroidManifest.xml
	android:versionName
		ADDED from src/main/AndroidManifest.xml:5:5-30
		INJECTED from src/main/AndroidManifest.xml
		INJECTED from src/main/AndroidManifest.xml
	android:versionCode
		ADDED from src/main/AndroidManifest.xml:4:5-28
		INJECTED from src/main/AndroidManifest.xml
		INJECTED from src/main/AndroidManifest.xml
	xmlns:android
		ADDED from src/main/AndroidManifest.xml:2:11-69
uses-sdk
ADDED from src/main/AndroidManifest.xml:7:5-9:41
MERGED from [SuperTutor:dhroid:unspecified] AndroidManifest.xml:7:5-9:41
	android:targetSdkVersion
		ADDED from src/main/AndroidManifest.xml:9:9-38
		INJECTED from src/main/AndroidManifest.xml
		INJECTED from src/main/AndroidManifest.xml
	android:minSdkVersion
		ADDED from src/main/AndroidManifest.xml:8:9-34
		INJECTED from src/main/AndroidManifest.xml
		INJECTED from src/main/AndroidManifest.xml
supports-screens
ADDED from src/main/AndroidManifest.xml:11:5-16:39
	android:largeScreens
		ADDED from src/main/AndroidManifest.xml:13:9-36
	android:smallScreens
		ADDED from src/main/AndroidManifest.xml:16:9-36
	android:normalScreens
		ADDED from src/main/AndroidManifest.xml:14:9-37
	android:resizeable
		ADDED from src/main/AndroidManifest.xml:15:9-34
	android:anyDensity
		ADDED from src/main/AndroidManifest.xml:12:9-34
uses-permission#android.permission.READ_CONTACTS
ADDED from src/main/AndroidManifest.xml:18:5-72
	android:name
		ADDED from src/main/AndroidManifest.xml:18:22-69
uses-permission#android.permission.RECEIVE_SMS
ADDED from src/main/AndroidManifest.xml:19:5-70
	android:name
		ADDED from src/main/AndroidManifest.xml:19:22-67
uses-permission#com.ztgame.microkindergarten.permission.JPUSH_MESSAGE
ADDED from src/main/AndroidManifest.xml:22:5-93
	android:name
		ADDED from src/main/AndroidManifest.xml:22:22-90
uses-permission#android.permission.RECEIVE_USER_PRESENT
ADDED from src/main/AndroidManifest.xml:23:5-79
	android:name
		ADDED from src/main/AndroidManifest.xml:23:22-76
uses-permission#android.permission.INTERNET
ADDED from src/main/AndroidManifest.xml:24:5-67
MERGED from [SuperTutor:dhroid:unspecified] AndroidManifest.xml:17:5-67
	android:name
		ADDED from src/main/AndroidManifest.xml:24:22-64
uses-permission#android.permission.WAKE_LOCK
ADDED from src/main/AndroidManifest.xml:25:5-68
	android:name
		ADDED from src/main/AndroidManifest.xml:25:22-65
uses-permission#android.permission.READ_PHONE_STATE
ADDED from src/main/AndroidManifest.xml:26:5-75
MERGED from [SuperTutor:dhroid:unspecified] AndroidManifest.xml:30:5-31:23
	android:name
		ADDED from src/main/AndroidManifest.xml:26:22-72
uses-permission#android.permission.WRITE_EXTERNAL_STORAGE
ADDED from src/main/AndroidManifest.xml:27:5-81
MERGED from [SuperTutor:dhroid:unspecified] AndroidManifest.xml:19:5-81
	android:name
		ADDED from src/main/AndroidManifest.xml:27:22-78
uses-permission#android.permission.READ_EXTERNAL_STORAGE
ADDED from src/main/AndroidManifest.xml:28:5-80
	android:name
		ADDED from src/main/AndroidManifest.xml:28:22-77
uses-permission#android.permission.WRITE_SETTINGS
ADDED from src/main/AndroidManifest.xml:29:5-73
	android:name
		ADDED from src/main/AndroidManifest.xml:29:22-70
uses-permission#android.permission.VIBRATE
ADDED from src/main/AndroidManifest.xml:30:5-66
	android:name
		ADDED from src/main/AndroidManifest.xml:30:22-63
uses-permission#android.permission.MOUNT_UNMOUNT_FILESYSTEMS
ADDED from src/main/AndroidManifest.xml:31:5-84
	android:name
		ADDED from src/main/AndroidManifest.xml:31:22-81
uses-permission#android.permission.ACCESS_NETWORK_STATE
ADDED from src/main/AndroidManifest.xml:32:5-79
MERGED from [SuperTutor:dhroid:unspecified] AndroidManifest.xml:15:5-79
	android:name
		ADDED from src/main/AndroidManifest.xml:32:22-76
uses-permission#android.permission.SYSTEM_ALERT_WINDOW
ADDED from src/main/AndroidManifest.xml:33:5-78
	android:name
		ADDED from src/main/AndroidManifest.xml:33:22-75
uses-permission#android.permission.INTERACT_ACROSS_USERS_FULL
ADDED from src/main/AndroidManifest.xml:34:5-85
	android:name
		ADDED from src/main/AndroidManifest.xml:34:22-82
uses-permission#android.permission.RECORD_AUDIO
ADDED from src/main/AndroidManifest.xml:35:5-71
	android:name
		ADDED from src/main/AndroidManifest.xml:35:22-68
uses-permission#android.permission.BROADCAST_STICKY
ADDED from src/main/AndroidManifest.xml:36:5-75
	android:name
		ADDED from src/main/AndroidManifest.xml:36:22-72
uses-permission#android.permission.ACCESS_COARSE_LOCATION
ADDED from src/main/AndroidManifest.xml:38:5-81
	android:name
		ADDED from src/main/AndroidManifest.xml:38:22-78
uses-permission#android.permission.ACCESS_WIFI_STATE
ADDED from src/main/AndroidManifest.xml:39:5-76
MERGED from [SuperTutor:dhroid:unspecified] AndroidManifest.xml:24:5-25:23
	android:name
		ADDED from src/main/AndroidManifest.xml:39:22-73
uses-permission#android.permission.CHANGE_WIFI_STATE
ADDED from src/main/AndroidManifest.xml:40:5-76
MERGED from [SuperTutor:dhroid:unspecified] AndroidManifest.xml:27:5-28:23
	android:name
		ADDED from src/main/AndroidManifest.xml:40:22-73
uses-permission#android.permission.ACCESS_FINE_LOCATION
ADDED from src/main/AndroidManifest.xml:41:5-79
MERGED from [SuperTutor:dhroid:unspecified] AndroidManifest.xml:21:5-22:23
	android:name
		ADDED from src/main/AndroidManifest.xml:41:22-76
uses-permission#android.permission.ACCESS_LOCATION_EXTRA_COMMANDS
ADDED from src/main/AndroidManifest.xml:42:5-89
	android:name
		ADDED from src/main/AndroidManifest.xml:42:22-86
uses-permission#android.permission.CHANGE_NETWORK_STATE
ADDED from src/main/AndroidManifest.xml:43:5-79
MERGED from [SuperTutor:dhroid:unspecified] AndroidManifest.xml:11:5-79
	android:name
		ADDED from src/main/AndroidManifest.xml:43:22-76
uses-permission#android.permission.GET_TASKS
ADDED from src/main/AndroidManifest.xml:44:5-68
	android:name
		ADDED from src/main/AndroidManifest.xml:44:22-65
uses-permission#android.permission.CALL_PHONE
ADDED from src/main/AndroidManifest.xml:45:5-69
	android:name
		ADDED from src/main/AndroidManifest.xml:45:22-66
uses-permission#android.permission.ACCESS_GPS
ADDED from src/main/AndroidManifest.xml:54:5-69
	android:name
		ADDED from src/main/AndroidManifest.xml:54:22-66
uses-permission#android.permission.SEND_SMS
ADDED from src/main/AndroidManifest.xml:55:5-67
	android:name
		ADDED from src/main/AndroidManifest.xml:55:22-64
uses-permission#android.permission.MANAGE_ACCOUNTS
ADDED from src/main/AndroidManifest.xml:57:5-74
	android:name
		ADDED from src/main/AndroidManifest.xml:57:22-71
uses-permission#android.permission.GET_ACCOUNTS
ADDED from src/main/AndroidManifest.xml:58:5-71
	android:name
		ADDED from src/main/AndroidManifest.xml:58:22-68
application
ADDED from src/main/AndroidManifest.xml:60:5-205:19
	android:label
		ADDED from src/main/AndroidManifest.xml:64:9-41
	android:allowBackup
		ADDED from src/main/AndroidManifest.xml:62:9-35
	android:icon
		ADDED from src/main/AndroidManifest.xml:63:9-45
	android:theme
		ADDED from src/main/AndroidManifest.xml:65:9-40
	android:name
		ADDED from src/main/AndroidManifest.xml:61:9-68
activity#com.yuzhuo.easyupbring.activity.AppStartActivity
ADDED from src/main/AndroidManifest.xml:66:9-70:20
	android:screenOrientation
		ADDED from src/main/AndroidManifest.xml:68:13-49
	android:name
		ADDED from src/main/AndroidManifest.xml:67:13-76
activity#com.yuzhuo.easyupbring.activity.MapActivity
ADDED from src/main/AndroidManifest.xml:71:9-75:20
	android:screenOrientation
		ADDED from src/main/AndroidManifest.xml:73:13-49
	android:theme
		ADDED from src/main/AndroidManifest.xml:74:13-50
	android:name
		ADDED from src/main/AndroidManifest.xml:72:13-71
activity#com.yuzhuo.easyupbring.activity.HomeActivity
ADDED from src/main/AndroidManifest.xml:76:9-79:20
	android:screenOrientation
		ADDED from src/main/AndroidManifest.xml:78:13-49
	android:name
		ADDED from src/main/AndroidManifest.xml:77:13-72
activity#com.yuzhuo.easyupbring.activity.MainActivity
ADDED from src/main/AndroidManifest.xml:80:9-88:20
	android:screenOrientation
		ADDED from src/main/AndroidManifest.xml:82:13-49
	android:name
		ADDED from src/main/AndroidManifest.xml:81:13-72
intent-filter#android.intent.action.MAIN+android.intent.category.LAUNCHER
ADDED from src/main/AndroidManifest.xml:83:13-87:29
action#android.intent.action.MAIN
ADDED from src/main/AndroidManifest.xml:84:17-69
	android:name
		ADDED from src/main/AndroidManifest.xml:84:25-66
category#android.intent.category.LAUNCHER
ADDED from src/main/AndroidManifest.xml:86:17-77
	android:name
		ADDED from src/main/AndroidManifest.xml:86:27-74
activity#com.yuzhuo.easyupbring.activity.LoginActivity
ADDED from src/main/AndroidManifest.xml:89:9-92:20
	android:screenOrientation
		ADDED from src/main/AndroidManifest.xml:91:13-49
	android:name
		ADDED from src/main/AndroidManifest.xml:90:13-73
activity#com.yuzhuo.easyupbring.activity.SelectIdentityActivtiy
ADDED from src/main/AndroidManifest.xml:93:9-96:20
	android:screenOrientation
		ADDED from src/main/AndroidManifest.xml:95:13-49
	android:name
		ADDED from src/main/AndroidManifest.xml:94:13-82
activity#com.yuzhuo.easyupbring.activity.SetSelfInfoActivity
ADDED from src/main/AndroidManifest.xml:97:9-100:20
	android:screenOrientation
		ADDED from src/main/AndroidManifest.xml:99:13-49
	android:name
		ADDED from src/main/AndroidManifest.xml:98:13-79
activity#com.yuzhuo.easyupbring.activity.MessageRecordAct
ADDED from src/main/AndroidManifest.xml:101:9-104:20
	android:screenOrientation
		ADDED from src/main/AndroidManifest.xml:103:13-49
	android:name
		ADDED from src/main/AndroidManifest.xml:102:13-76
activity#com.yuzhuo.easyupbring.activity.SingleChatAct
ADDED from src/main/AndroidManifest.xml:105:9-109:20
	android:screenOrientation
		ADDED from src/main/AndroidManifest.xml:107:13-49
	android:windowSoftInputMode
		ADDED from src/main/AndroidManifest.xml:108:13-67
	android:name
		ADDED from src/main/AndroidManifest.xml:106:13-73
activity#com.yuzhuo.easyupbring.activity.SelfInfoActivity
ADDED from src/main/AndroidManifest.xml:110:9-113:20
	android:screenOrientation
		ADDED from src/main/AndroidManifest.xml:112:13-49
	android:name
		ADDED from src/main/AndroidManifest.xml:111:13-76
activity#com.yuzhuo.easyupbring.activity.UserInfoDetailActivity
ADDED from src/main/AndroidManifest.xml:114:9-117:20
	android:screenOrientation
		ADDED from src/main/AndroidManifest.xml:116:13-49
	android:name
		ADDED from src/main/AndroidManifest.xml:115:13-82
activity#com.yuzhuo.easyupbring.activity.SelfInfoDetailActivity
ADDED from src/main/AndroidManifest.xml:118:9-121:20
	android:screenOrientation
		ADDED from src/main/AndroidManifest.xml:120:13-49
	android:name
		ADDED from src/main/AndroidManifest.xml:119:13-82
activity#com.yuzhuo.easyupbring.activity.ParentReleaseInfoActivity
ADDED from src/main/AndroidManifest.xml:122:9-125:20
	android:screenOrientation
		ADDED from src/main/AndroidManifest.xml:124:13-49
	android:name
		ADDED from src/main/AndroidManifest.xml:123:13-85
activity#com.yuzhuo.easyupbring.activity.ParentReleaseRecordActivity
ADDED from src/main/AndroidManifest.xml:126:9-129:20
	android:screenOrientation
		ADDED from src/main/AndroidManifest.xml:128:13-49
	android:name
		ADDED from src/main/AndroidManifest.xml:127:13-87
activity#com.yuzhuo.easyupbring.activity.MyFocusOrFansActivity
ADDED from src/main/AndroidManifest.xml:130:9-133:20
	android:screenOrientation
		ADDED from src/main/AndroidManifest.xml:132:13-49
	android:name
		ADDED from src/main/AndroidManifest.xml:131:13-81
activity#com.yuzhuo.easyupbring.activity.MyCollectOrReleaseActivity
ADDED from src/main/AndroidManifest.xml:134:9-137:20
	android:screenOrientation
		ADDED from src/main/AndroidManifest.xml:136:13-49
	android:name
		ADDED from src/main/AndroidManifest.xml:135:13-86
activity#com.yuzhuo.easyupbring.activity.ReleaseJobActivity
ADDED from src/main/AndroidManifest.xml:138:9-141:20
	android:screenOrientation
		ADDED from src/main/AndroidManifest.xml:140:13-49
	android:name
		ADDED from src/main/AndroidManifest.xml:139:13-78
activity#com.yuzhuo.easyupbring.activity.AboutUsActivity
ADDED from src/main/AndroidManifest.xml:142:9-145:20
	android:screenOrientation
		ADDED from src/main/AndroidManifest.xml:144:13-49
	android:name
		ADDED from src/main/AndroidManifest.xml:143:13-75
activity#com.yuzhuo.easyupbring.activity.AdviceActivity
ADDED from src/main/AndroidManifest.xml:146:9-149:20
	android:screenOrientation
		ADDED from src/main/AndroidManifest.xml:148:13-49
	android:name
		ADDED from src/main/AndroidManifest.xml:147:13-74
activity#com.yuzhuo.easyupbring.activity.SettingActivity
ADDED from src/main/AndroidManifest.xml:150:9-153:20
	android:screenOrientation
		ADDED from src/main/AndroidManifest.xml:152:13-49
	android:name
		ADDED from src/main/AndroidManifest.xml:151:13-75
activity#com.yuzhuo.easyupbring.activity.BindindPhoneActivity
ADDED from src/main/AndroidManifest.xml:154:9-157:20
	android:screenOrientation
		ADDED from src/main/AndroidManifest.xml:156:13-49
	android:name
		ADDED from src/main/AndroidManifest.xml:155:13-80
activity#com.yuzhuo.easyupbring.activity.ResetPswActivity
ADDED from src/main/AndroidManifest.xml:158:9-161:20
	android:screenOrientation
		ADDED from src/main/AndroidManifest.xml:160:13-49
	android:name
		ADDED from src/main/AndroidManifest.xml:159:13-76
activity#com.yuzhuo.easyupbring.activity.ParentReleaseDetailInfoActivity
ADDED from src/main/AndroidManifest.xml:162:9-165:20
	android:screenOrientation
		ADDED from src/main/AndroidManifest.xml:164:13-49
	android:name
		ADDED from src/main/AndroidManifest.xml:163:13-91
activity#cn.sharesdk.framework.ShareSDKUIShell
ADDED from src/main/AndroidManifest.xml:166:9-180:20
	android:screenOrientation
		ADDED from src/main/AndroidManifest.xml:169:13-49
	android:windowSoftInputMode
		ADDED from src/main/AndroidManifest.xml:171:13-67
	android:configChanges
		ADDED from src/main/AndroidManifest.xml:168:13-74
	android:theme
		ADDED from src/main/AndroidManifest.xml:170:13-72
	android:name
		ADDED from src/main/AndroidManifest.xml:167:13-65
intent-filter#android.intent.action.VIEW+android.intent.category.BROWSABLE+android.intent.category.DEFAULT
ADDED from src/main/AndroidManifest.xml:172:13-179:29
data
ADDED from src/main/AndroidManifest.xml:173:17-59
	android:scheme
		ADDED from src/main/AndroidManifest.xml:173:23-56
action#android.intent.action.VIEW
ADDED from src/main/AndroidManifest.xml:175:17-69
	android:name
		ADDED from src/main/AndroidManifest.xml:175:25-66
category#android.intent.category.BROWSABLE
ADDED from src/main/AndroidManifest.xml:177:17-78
	android:name
		ADDED from src/main/AndroidManifest.xml:177:27-75
category#android.intent.category.DEFAULT
ADDED from src/main/AndroidManifest.xml:178:17-76
	android:name
		ADDED from src/main/AndroidManifest.xml:178:27-73
activity#com.yuzhuo.easyupbring.wxapi.WXEntryActivity
ADDED from src/main/AndroidManifest.xml:182:9-187:75
	android:screenOrientation
		ADDED from src/main/AndroidManifest.xml:186:13-49
	android:exported
		ADDED from src/main/AndroidManifest.xml:185:13-36
	android:configChanges
		ADDED from src/main/AndroidManifest.xml:184:13-74
	android:theme
		ADDED from src/main/AndroidManifest.xml:187:13-72
	android:name
		ADDED from src/main/AndroidManifest.xml:183:13-50
service#com.yuzhuo.easyupbring.service.LBService
ADDED from src/main/AndroidManifest.xml:189:9-193:19
	android:enabled
		ADDED from src/main/AndroidManifest.xml:191:13-35
	android:exported
		ADDED from src/main/AndroidManifest.xml:192:13-36
	android:name
		ADDED from src/main/AndroidManifest.xml:190:13-68
service#com.yuzhuo.easyupbring.service.MessageReceiveService
ADDED from src/main/AndroidManifest.xml:194:9-198:19
	android:enabled
		ADDED from src/main/AndroidManifest.xml:196:13-35
	android:exported
		ADDED from src/main/AndroidManifest.xml:197:13-36
	android:name
		ADDED from src/main/AndroidManifest.xml:195:13-80
service#com.baidu.location.f
ADDED from src/main/AndroidManifest.xml:199:9-204:19
	android:enabled
		ADDED from src/main/AndroidManifest.xml:201:13-35
	android:process
		ADDED from src/main/AndroidManifest.xml:203:13-38
	android:permission
		ADDED from src/main/AndroidManifest.xml:202:13-75
	android:name
		ADDED from src/main/AndroidManifest.xml:200:13-48
uses-permission#android.permission.RESTART_PACKAGES
ADDED from [SuperTutor:dhroid:unspecified] AndroidManifest.xml:13:5-75
	android:name
		ADDED from [SuperTutor:dhroid:unspecified] AndroidManifest.xml:13:22-72